<?xml version="1.0" encoding="UTF-8"?>
<!-- Generated by org.testng.reporters.JUnitReportReporter -->
<testsuite skipped="0" hostname="Abhi-pc" name="WANDisco.WANDisco.TestVolume" tests="6" failures="0" timestamp="19 Jan 2021 13:53:27 GMT" time="0.082" errors="0">
  <testcase name="sphere1" time="0.045" classname="WANDisco.WANDisco.TestVolume"/>
  <testcase name="sphere2" time="0.010" classname="WANDisco.WANDisco.TestVolume"/>
  <testcase name="cube1" time="0.007" classname="WANDisco.WANDisco.TestVolume"/>
  <testcase name="cube2" time="0.004" classname="WANDisco.WANDisco.TestVolume"/>
  <testcase name="tetrahedron1" time="0.004" classname="WANDisco.WANDisco.TestVolume"/>
  <testcase name="tetrahedron2" time="0.012" classname="WANDisco.WANDisco.TestVolume"/>
</testsuite> <!-- WANDisco.WANDisco.TestVolume -->
